Execute command: [
  `which`
  `cmake`
]
[/home/nikita/8888812/workspace/projects/lab07]> "which" "cmake"
/usr/bin/cmake
Execute command: [
  `cmake`
  `--version`
]
[/home/nikita/8888812/workspace/projects/lab07]> "cmake" "--version"
cmake version 3.16.3

CMake suite maintained and supported by Kitware (kitware.com/cmake).
Execute command: [
  `cmake`
  `-H.`
  `-B/home/nikita/8888812/workspace/projects/lab07/_builds/default`
  `-DCMAKE_TOOLCHAIN_FILE=/home/nikita/8888812/workspace/projects/lab07/tools/polly/default.cmake`
]
[/home/nikita/8888812/workspace/projects/lab07]> "cmake" "-H." "-B/home/nikita/8888812/workspace/projects/lab07/_builds/default" "-DCMAKE_TOOLCHAIN_FILE=/home/nikita/8888812/workspace/projects/lab07/tools/polly/default.cmake"
-- [polly] Used toolchain: Default
-- The C compiler identification is GNU 9.3.0
-- The CXX compiler identification is GNU 9.3.0
-- Check for working C compiler: /usr/bin/cc
-- Check for working C compiler: /usr/bin/cc -- works
-- Detecting C compiler ABI info
-- Detecting C compiler ABI info - done
-- Detecting C compile features
-- Detecting C compile features - done
-- Check for working CXX compiler: /usr/bin/c++
-- Check for working CXX compiler: /usr/bin/c++ -- works
-- Detecting CXX compiler ABI info
-- Detecting CXX compiler ABI info - done
-- Detecting CXX compile features
-- Detecting CXX compile features - done
-- Found PythonInterp: /usr/bin/python3.8 (found version "3.8.5")
-- Looking for pthread.h
-- Looking for pthread.h - found
-- Performing Test CMAKE_HAVE_LIBC_PTHREAD
-- Performing Test CMAKE_HAVE_LIBC_PTHREAD - Failed
-- Check if compiler accepts -pthread
-- Check if compiler accepts -pthread - yes
-- Found Threads: TRUE
-- [polly] Used toolchain: Default
-- Configuring done
-- Generating done
-- Build files have been written to: /home/nikita/8888812/workspace/projects/lab07/_builds/default
Execute command: [
  `cmake`
  `--build`
  `/home/nikita/8888812/workspace/projects/lab07/_builds/default`
  `--`
]
[/home/nikita/8888812/workspace/projects/lab07]> "cmake" "--build" "/home/nikita/8888812/workspace/projects/lab07/_builds/default" "--"
Scanning dependencies of target demo
[ 10%] Building CXX object CMakeFiles/demo.dir/demo/main.cpp.o
/home/nikita/8888812/workspace/projects/lab07/demo/main.cpp:1:10: fatal error: print.hpp: Нет такого файла или каталога
    1 | #include <print.hpp>
      |          ^~~~~~~~~~~
compilation terminated.
make[2]: *** [CMakeFiles/demo.dir/build.make:63: CMakeFiles/demo.dir/demo/main.cpp.o] Ошибка 1
make[1]: *** [CMakeFiles/Makefile2:138: CMakeFiles/demo.dir/all] Ошибка 2
make: *** [Makefile:141: all] Ошибка 2
